\BOOKMARK [1][-]{section.1}{3.2}{}% 1
\BOOKMARK [2][-]{subsection.1.1}{a}{section.1}% 2
\BOOKMARK [2][-]{subsection.1.2}{b}{section.1}% 3
\BOOKMARK [2][-]{subsection.1.3}{c}{section.1}% 4
\BOOKMARK [2][-]{subsection.1.4}{d}{section.1}% 5
\BOOKMARK [2][-]{subsection.1.5}{e}{section.1}% 6
\BOOKMARK [1][-]{section.2}{3.3}{}% 7
\BOOKMARK [2][-]{subsection.2.1}{b}{section.2}% 8
\BOOKMARK [2][-]{subsection.2.2}{c}{section.2}% 9
\BOOKMARK [1][-]{section.3}{4.1}{}% 10
\BOOKMARK [2][-]{subsection.3.1}{a}{section.3}% 11
\BOOKMARK [2][-]{subsection.3.2}{b}{section.3}% 12
\BOOKMARK [2][-]{subsection.3.3}{c}{section.3}% 13
\BOOKMARK [1][-]{section.4}{4.2}{}% 14
\BOOKMARK [2][-]{subsection.4.1}{a}{section.4}% 15
\BOOKMARK [2][-]{subsection.4.2}{b}{section.4}% 16
\BOOKMARK [2][-]{subsection.4.3}{c}{section.4}% 17
\BOOKMARK [2][-]{subsection.4.4}{d}{section.4}% 18
\BOOKMARK [1][-]{section.5}{4.3}{}% 19
\BOOKMARK [2][-]{subsection.5.1}{a}{section.5}% 20
\BOOKMARK [2][-]{subsection.5.2}{b}{section.5}% 21
\BOOKMARK [1][-]{section.6}{Appendix}{}% 22
